./getFilelistByDefName.sh prodgenie_bnb_nu_uboone_overlay_detvar_cv_wcp_reco1.5_run3b_reco1.5_reco1.5 > prodgenie_bnb_nu_overlay_WCP_DetVar_CV_run3b.txt
./getFilelistByDefName.sh prodgenie_bnb_intrinsic_nue_uboone_overlay_detvar_cv_wcp_reco1.5_run3b_reco1.5_reco1.5 > prodgenie_bnb_intrinsic_nue_overlay_WCP_DetVar_CV_run3b.txt
./getFilelistByDefName.sh prodgenie_bnb_nu_uboone_overlay_detvar_recomb2_wcp_reco1.5_v08_00_00_41_run3b_reco1.5_reco1.5 > prodgenie_bnb_nu_overlay_WCP_DetVar_Recomb2_run3b.txt
./getFilelistByDefName.sh prodgenie_bnb_intrinsic_nue_uboone_overlay_detvar_recomb2_wcp_reco1.5_v08_00_00_41_run3b_reco1.5_reco1.5 > prodgenie_bnb_intrinsic_nue_overlay_WCP_DetVar_Recomb2_run3b.txt
./getFilelistByDefName.sh prodgenie_bnb_nu_uboone_overlay_detvar_sce_wcp_reco1.5_run3b_reco1.5_reco1.5 > prodgenie_bnb_nu_overlay_WCP_DetVar_SCE_run3b.txt
./getFilelistByDefName.sh prodgenie_bnb_intrinsic_nue_uboone_overlay_detvar_sce_wcp_reco1.5_fixed_run3b_reco1.5_reco1.5 > prodgenie_bnb_intrinsic_nue_overlay_WCP_DetVar_SCE_run3b.txt
./getFilelistByDefName.sh prodgenie_bnb_intrinsic_nue_REAL_uboone_overlay_detvar_LYDown_reco1.5_run3b_reco1.5_reco1.5 > prodgenie_bnb_intrinsic_nue_overlay_WCP_DetVar_LYDown_run3b.txt
./getFilelistByDefName.sh wcp_port_bnb_intrinsic_nue_overlay_DetVar_WireModX_v08_00_00_40_run3b_reco1.5_reco1.5 > prodgenie_bnb_intrinsic_nue_overlay_WCP_DetVar_WireModX_run3b.txt
./getFilelistByDefName.sh wcp_port_data_intrinsic_nue_WireModYZ_v08_00_00_40_run3b_reco1.5_reco1.5 > prodgenie_bnb_intrinsic_nue_overlay_WCP_DetVar_WireModYZ_run3b.txt
./getFilelistByDefName.sh wcp_port_bnb_intrinsic_nue_overlay_DetVar_WireModThetaXZ_v08_00_00_40_run3b_reco1.5_reco1.5 > prodgenie_bnb_intrinsic_nue_overlay_WCP_DetVar_WireModThetaXZ_run3b.txt
./getFilelistByDefName.sh wcp_port_bnb_intrinsic_nue_overlay_DetVar_WireModThetaYZ_v08_00_00_40_run3b_reco1.5_reco1.5 > prodgenie_bnb_intrinsic_nue_overlay_WCP_DetVar_WireModThetaYZ_run3b.txt
./getFilelistByDefName.sh prodgenie_bnb_nu_overlay_CV_v08_00_00_47_run1_reco1.5_reco1.5 > prodgenie_bnb_nu_overlay_WCP_DetVar_CV-extra_run1_500k.txt
./getFilelistByDefName.sh wcp_reco1.5_bnb_overlay_run1_detvar_recomb2_v08_00_00_47_run1_reco1.5_reco1.5 > prodgenie_bnb_nu_overlay_WCP_DetVar_Recomb2_run1_500k.txt
./getFilelistByDefName.sh wcp_reco1.5_bnb_overlay_run1_detvar_sce_v08_00_00_47_run1_reco1.5_reco1.5 > prodgenie_bnb_nu_overlay_WCP_DetVar_SCE_run1_500k.txt
./getFilelistByDefName.sh prodgenie_bnb_intrinsic_nue__uboone_overlay_detvar_cv_LYRayliegh_reco1.5_run3b_reco1.5_reco1.5 > prodgenie_bnb_intrinsic_nue_overlay_WCP_DetVar_LYRayleigh_run3b.txt
./getFilelistByDefName.sh wcp_port_bnb_intrinsic_nue_overlay_DetVar_WireModdEdX_v08_00_00_40_run3b_reco1.5_reco1.5 > prodgenie_bnb_intrinsic_nue_overlay_WCP_DetVar_WireModdEdX_run3b.txt
./getFilelistByDefName.sh wcp_port_bnb_nu_overlay_DetVar_WireModdEdX_v08_00_00_40_run3b_reco1.5_reco1.5 > prodgenie_bnb_nu_overlay_WCP_DetVar_WireModdEdX_run3b.txt
./getFilelistByDefName.sh prodgenie_bnb_nu_overlay_detvar_cv_sce___CV_reco1d5_v08_00_00_47_run3b_reco1d5_reco1.5 > prodgenie_bnb_nu_overlay_WCP_DetVar_CV-extra_run3b_500k.txt
./getFilelistByDefName.sh wcp_port_bnb_nu_overlay_DetVar_recomb2_v08_00_00_47_run3b_reco1.5_reco1.5 > prodgenie_bnb_nu_overlay_WCP_DetVar_Recomb2_run3b_500k.txt
./getFilelistByDefName.sh prodgenie_bnb_nu_overlay_detvar_cv_sce___SCE_reco1d5_v08_00_00_47_run3b_reco1d5_reco1.5 > prodgenie_bnb_nu_overlay_WCP_DetVar_SCE_run3b_500k.txt
